mktextfm Isotype
mktextfm Isotype
mktextfm Isotype
mktextfm SimHei
mktextfm SimHei
mktextfm SimHei
mktextfm SimHei/BI
mktextfm SimHei
mktextfm SimHei/B
mktextfm SimHei
mktextfm SimHei/I
mktextfm SimHei
mktextfm SimHei
mktextfm SimSun/OT
mktextfm Simhei
mktextfm Isotype
mktextfm Isotype
mktextfm Isotype
mktextfm Isotype/BI
mktextfm Isotype
mktextfm Isotype/B
mktextfm Isotype
mktextfm Isotype/I
mktextfm Isotype
mktextfm Isotype
mktextfm SimHei
mktextfm SimHei
mktextfm SimHei
mktextfm SimHei/BI
mktextfm SimHei
mktextfm SimHei/B
mktextfm SimHei
mktextfm SimHei/I
mktextfm SimHei
mktextfm SimHei
mktextfm Isotype
mktextfm Isotype
mktextfm Isotype
mktextfm Isotype/BI
mktextfm Isotype
mktextfm Isotype/B
mktextfm Isotype
mktextfm Isotype/I
mktextfm Isotype
mktextfm Isotype
mktextfm SimHei
mktextfm SimHei
mktextfm SimHei
mktextfm SimHei/BI
mktextfm SimHei
mktextfm SimHei/B
mktextfm SimHei
mktextfm SimHei/I
mktextfm SimHei
mktextfm SimHei
