\BOOKMARK [1][-]{section.1}{\376\377\145\160\213\272}{}% 1
\BOOKMARK [2][-]{subsection.1.1}{\376\377\137\353\220\037\154\102\220\006\121\103}{section.1}% 2
\BOOKMARK [2][-]{subsection.1.2}{\376\377\142\151\134\125\153\047\121\340\221\314\137\267\173\227\154\325}{section.1}% 3
\BOOKMARK [2][-]{subsection.1.3}{\376\377\116\055\126\375\122\151\117\131\133\232\164\006}{section.1}% 4
\BOOKMARK [2][-]{subsection.1.4}{\376\377\116\055\126\375\122\151\117\131\133\232\164\006\0002}{section.1}% 5
\BOOKMARK [2][-]{subsection.1.5}{\376\377\176\304\124\010\145\160\123\326\152\041}{section.1}% 6
\BOOKMARK [2][-]{subsection.1.6}{\376\377\142\151\134\125\134\017\153\145\131\047\153\145}{section.1}% 7
\BOOKMARK [2][-]{subsection.1.7}{\376\377\123\142\123\141\145\257\133\232\164\006}{section.1}% 8
\BOOKMARK [2][-]{subsection.1.8}{\376\377\134\017\153\145\131\047\153\145}{section.1}% 9
\BOOKMARK [2][-]{subsection.1.9}{\376\377\000M\000i\000l\000l\000e\000r\000\040\000R\000a\000b\000i\000n\000\040\175\040\145\160\155\113\213\325}{section.1}% 10
\BOOKMARK [2][-]{subsection.1.10}{\376\377\000P\000o\000l\000l\000a\000r\000d\000\040\000R\000h\000o\000\040\131\047\145\160\122\006\211\343}{section.1}% 11
\BOOKMARK [2][-]{subsection.1.11}{\376\377\137\353\220\037\145\160\213\272\123\330\143\142\000\050\000z\000k\000y\000\051}{section.1}% 12
\BOOKMARK [2][-]{subsection.1.12}{\376\377\137\353\220\037\145\160\213\272\123\330\143\142\000\050\000l\000y\000x\000\051}{section.1}% 13
\BOOKMARK [2][-]{subsection.1.13}{\376\377\123\237\150\071}{section.1}% 14
\BOOKMARK [2][-]{subsection.1.14}{\376\377\176\277\140\047\220\022\143\250}{section.1}% 15
\BOOKMARK [2][-]{subsection.1.15}{\376\377\176\277\140\047\173\133}{section.1}% 16
\BOOKMARK [2][-]{subsection.1.16}{\376\377\166\364\176\277\116\013\145\164\160\271\116\052\145\160}{section.1}% 17
\BOOKMARK [1][-]{section.2}{\376\377\145\160\120\074}{}% 18
\BOOKMARK [2][-]{subsection.2.1}{\376\377\232\330\145\257\155\210\121\103}{section.2}% 19
\BOOKMARK [2][-]{subsection.2.2}{\376\377\137\353\220\037\120\205\172\313\123\366\123\330\143\142}{section.2}% 20
\BOOKMARK [2][-]{subsection.2.3}{\376\377\123\125\176\257\137\142\154\325\154\102\211\343\176\277\140\047\211\304\122\022}{section.2}% 21
\BOOKMARK [2][-]{subsection.2.4}{\376\377\201\352\220\002\136\224\217\233\146\156\150\356}{section.2}% 22
\BOOKMARK [2][-]{subsection.2.5}{\376\377\131\032\230\171\137\017\154\102\150\071}{section.2}% 23
\BOOKMARK [1][-]{section.3}{\376\377\145\160\143\156\176\323\147\204}{}% 24
\BOOKMARK [2][-]{subsection.3.1}{\376\377\136\163\210\141\166\204\116\214\123\311\147\345\142\176\150\021}{section.3}% 25
\BOOKMARK [3][-]{subsubsection.3.1.1}{\376\377\000T\000r\000e\000a\000p}{subsection.3.1}% 26
\BOOKMARK [3][-]{subsubsection.3.1.2}{\376\377\000S\000p\000l\000a\000y}{subsection.3.1}% 27
\BOOKMARK [2][-]{subsection.3.2}{\376\377\127\132\126\372\166\204\145\160\143\156\176\323\147\204}{section.3}% 28
\BOOKMARK [3][-]{subsubsection.3.2.1}{\376\377\127\132\126\372\166\204\136\163\210\141\150\021}{subsection.3.2}% 29
\BOOKMARK [3][-]{subsubsection.3.2.2}{\376\377\127\132\126\372\166\204\133\127\173\046\116\062}{subsection.3.2}% 30
\BOOKMARK [3][-]{subsubsection.3.2.3}{\376\377\127\132\126\372\166\204\135\346\120\117\150\021}{subsection.3.2}% 31
\BOOKMARK [3][-]{subsubsection.3.2.4}{\376\377\116\015\127\132\126\372\166\204\145\234\130\006}{subsection.3.2}% 32
\BOOKMARK [2][-]{subsection.3.3}{\376\377\150\021\116\012\166\204\233\124\147\057\136\010}{section.3}% 33
\BOOKMARK [3][-]{subsubsection.3.3.1}{\376\377\217\173\221\315\150\021\224\376\122\126\122\006\000\050\000z\000k\000y\000\051}{subsection.3.3}% 34
\BOOKMARK [3][-]{subsubsection.3.3.2}{\376\377\217\173\221\315\150\021\224\376\122\126\122\006\000\050\000l\000y\000x\000\051}{subsection.3.3}% 35
\BOOKMARK [3][-]{subsubsection.3.3.3}{\376\377\000L\000i\000n\000k\000\040\000C\000u\000t\000\040\000T\000r\000e\000e\000\050\000z\000k\000y\000\051}{subsection.3.3}% 36
\BOOKMARK [3][-]{subsubsection.3.3.4}{\376\377\000L\000i\000n\000k\000\040\000C\000u\000t\000\040\000T\000r\000e\000e\000\050\000l\000y\000x\000\051}{subsection.3.3}% 37
\BOOKMARK [3][-]{subsubsection.3.3.5}{\376\377\000A\000A\000A\000\040\000T\000r\000e\000e}{subsection.3.3}% 38
\BOOKMARK [2][-]{subsection.3.4}{\376\377\000S\000T}{section.3}% 39
\BOOKMARK [2][-]{subsection.3.5}{\376\377\123\357\143\001\116\105\123\026\176\277\153\265\150\021}{section.3}% 40
\BOOKMARK [2][-]{subsection.3.6}{\376\377\123\357\143\001\116\105\123\026\000T\000r\000i\000e}{section.3}% 41
\BOOKMARK [2][-]{subsection.3.7}{\376\377\000k\000-\000d\150\021}{section.3}% 42
\BOOKMARK [2][-]{subsection.3.8}{\376\377\203\253\226\037\173\227\154\325}{section.3}% 43
\BOOKMARK [2][-]{subsection.3.9}{\376\377\150\021\116\012\127\050\176\277\203\253\226\037}{section.3}% 44
\BOOKMARK [2][-]{subsection.3.10}{\376\377\145\164\117\123\116\214\122\006}{section.3}% 45
\BOOKMARK [2][-]{subsection.3.11}{\376\377\150\021\162\266\145\160\176\304\000k\000t\000h}{section.3}% 46
\BOOKMARK [2][-]{subsection.3.12}{\376\377\206\132\150\021}{section.3}% 47
\BOOKMARK [2][-]{subsection.3.13}{\376\377\160\271\122\006\154\273\000\050\000z\000k\000y\000\051}{section.3}% 48
\BOOKMARK [2][-]{subsection.3.14}{\376\377\121\103\202\263\150\021}{section.3}% 49
\BOOKMARK [1][-]{section.4}{\376\377\126\376\213\272}{}% 50
\BOOKMARK [2][-]{subsection.4.1}{\376\377\137\072\217\336\220\032\122\006\221\317}{section.4}% 51
\BOOKMARK [3][-]{subsubsection.4.1.1}{\376\377\160\271\123\314\217\336\220\032\122\006\221\317\000\050\000l\000y\000x\000\051}{subsection.4.1}% 52
\BOOKMARK [2][-]{subsection.4.2}{\376\377\0002\000-\000S\000A\000T\225\356\230\230}{section.4}% 53
\BOOKMARK [2][-]{subsection.4.3}{\376\377\116\214\122\006\126\376\147\000\131\047\123\071\221\115}{section.4}% 54
\BOOKMARK [3][-]{subsubsection.4.3.1}{\376\377\000H\000u\000n\000g\000a\000r\000y\173\227\154\325}{subsection.4.3}% 55
\BOOKMARK [3][-]{subsubsection.4.3.2}{\376\377\000H\000o\000p\000c\000r\000o\000f\000t\000\040\000K\000a\000r\000p\173\227\154\325}{subsection.4.3}% 56
\BOOKMARK [2][-]{subsection.4.4}{\376\377\116\214\122\006\126\376\147\000\131\047\147\103\123\071\221\115}{section.4}% 57
\BOOKMARK [2][-]{subsection.4.5}{\376\377\147\000\131\047\155\101\000\050\000d\000i\000n\000i\000c\000\051}{section.4}% 58
\BOOKMARK [2][-]{subsection.4.6}{\376\377\147\000\131\047\155\101\000\050\000s\000a\000p\000\051}{section.4}% 59
\BOOKMARK [2][-]{subsection.4.7}{\376\377\116\012\116\013\165\114\177\121\176\334\155\101}{section.4}% 60
\BOOKMARK [3][-]{subsubsection.4.7.1}{\376\377\145\340\156\220\154\107\166\204\116\012\116\013\165\114\123\357\210\114\155\101}{subsection.4.7}% 61
\BOOKMARK [3][-]{subsubsection.4.7.2}{\376\377\147\011\156\220\154\107\166\204\116\012\116\013\165\114\123\357\210\114\155\101}{subsection.4.7}% 62
\BOOKMARK [3][-]{subsubsection.4.7.3}{\376\377\147\011\156\220\154\107\166\204\116\012\116\013\165\114\147\000\131\047\155\101}{subsection.4.7}% 63
\BOOKMARK [3][-]{subsubsection.4.7.4}{\376\377\147\011\156\220\154\107\166\204\116\012\116\013\165\114\147\000\134\017\155\101}{subsection.4.7}% 64
\BOOKMARK [2][-]{subsection.4.8}{\376\377\147\000\134\017\215\071\165\050\147\000\131\047\155\101}{section.4}% 65
\BOOKMARK [3][-]{subsubsection.4.8.1}{\376\377\172\000\165\217\126\376}{subsection.4.8}% 66
\BOOKMARK [3][-]{subsubsection.4.8.2}{\376\377\172\040\133\306\126\376}{subsection.4.8}% 67
\BOOKMARK [2][-]{subsection.4.9}{\376\377\116\000\202\054\126\376\147\000\131\047\123\071\221\115}{section.4}% 68
\BOOKMARK [2][-]{subsection.4.10}{\376\377\145\340\124\021\126\376\121\150\134\100\147\000\134\017\122\162}{section.4}% 69
\BOOKMARK [2][-]{subsection.4.11}{\376\377\147\011\150\071\150\021\166\204\124\014\147\204}{section.4}% 70
\BOOKMARK [2][-]{subsection.4.12}{\376\377\124\310\133\306\134\024\230\177\126\336\215\357\377\010\000O\000R\000E\140\047\215\050\166\204\126\376\377\011}{section.4}% 71
\BOOKMARK [2][-]{subsection.4.13}{\376\377\137\305\176\317\160\271\150\021}{section.4}% 72
\BOOKMARK [1][-]{section.5}{\376\377\133\127\173\046\116\062}{}% 73
\BOOKMARK [2][-]{subsection.5.1}{\376\377\152\041\137\017\123\071\221\115}{section.5}% 74
\BOOKMARK [3][-]{subsubsection.5.1.1}{\376\377\000K\000M\000P\173\227\154\325}{subsection.5.1}% 75
\BOOKMARK [3][-]{subsubsection.5.1.2}{\376\377\142\151\134\125\000K\000M\000P\173\227\154\325}{subsection.5.1}% 76
\BOOKMARK [3][-]{subsubsection.5.1.3}{\376\377\000A\000C\201\352\122\250\147\072}{subsection.5.1}% 77
\BOOKMARK [2][-]{subsection.5.2}{\376\377\124\016\177\000\116\011\131\320\131\271}{section.5}% 78
\BOOKMARK [3][-]{subsubsection.5.2.1}{\376\377\124\016\177\000\145\160\176\304}{subsection.5.2}% 79
\BOOKMARK [3][-]{subsubsection.5.2.2}{\376\377\124\016\177\000\145\160\176\304\000\050\000d\000c\0003\000\051}{subsection.5.2}% 80
\BOOKMARK [3][-]{subsubsection.5.2.3}{\376\377\124\016\177\000\201\352\122\250\147\072\000-\131\032\116\062\000L\000C\000S}{subsection.5.2}% 81
\BOOKMARK [3][-]{subsubsection.5.2.4}{\376\377\124\016\177\000\201\352\122\250\147\072\000-\124\004\225\177\136\246\133\127\116\062\121\372\163\260\153\041\145\160\147\000\131\047\120\074}{subsection.5.2}% 82
\BOOKMARK [3][-]{subsubsection.5.2.5}{\376\377\124\016\177\000\201\352\122\250\147\072\000-\116\044\116\062\000L\000C\000S}{subsection.5.2}% 83
\BOOKMARK [2][-]{subsection.5.3}{\376\377\126\336\145\207\116\011\121\104\137\037}{section.5}% 84
\BOOKMARK [3][-]{subsubsection.5.3.1}{\376\377\232\154\142\311\217\146}{subsection.5.3}% 85
\BOOKMARK [3][-]{subsubsection.5.3.2}{\376\377\126\336\145\207\150\021\000\050\000l\000y\000x\000\051}{subsection.5.3}% 86
\BOOKMARK [3][-]{subsubsection.5.3.3}{\376\377\126\336\145\207\201\352\122\250\147\072\000\050\000z\000k\000y\000\051}{subsection.5.3}% 87
\BOOKMARK [2][-]{subsection.5.4}{\376\377\137\252\163\257\116\062\147\000\134\017\210\150\171\072}{section.5}% 88
\BOOKMARK [1][-]{section.6}{\376\377\213\241\173\227\121\340\117\125}{}% 89
\BOOKMARK [2][-]{subsection.6.1}{\376\377\116\214\176\364\127\372\170\100}{section.6}% 90
\BOOKMARK [3][-]{subsubsection.6.1.1}{\376\377\160\271\174\173}{subsection.6.1}% 91
\BOOKMARK [3][-]{subsubsection.6.1.2}{\376\377\121\370\123\005}{subsection.6.1}% 92
\BOOKMARK [3][-]{subsubsection.6.1.3}{\376\377\123\112\136\163\227\142\116\244}{subsection.6.1}% 93
\BOOKMARK [3][-]{subsubsection.6.1.4}{\376\377\147\000\217\321\160\271\133\371}{subsection.6.1}% 94
\BOOKMARK [3][-]{subsubsection.6.1.5}{\376\377\147\000\134\017\127\006\211\206\166\326}{subsection.6.1}% 95
\BOOKMARK [3][-]{subsubsection.6.1.6}{\376\377\121\370\123\005\137\353\220\037\213\342\225\356}{subsection.6.1}% 96
\BOOKMARK [2][-]{subsection.6.2}{\376\377\131\032\217\271\137\142}{section.6}% 97
\BOOKMARK [3][-]{subsubsection.6.2.1}{\376\377\122\044\145\255\160\271\127\050\131\032\217\271\137\142\121\205\220\350}{subsection.6.2}% 98
\BOOKMARK [1][-]{section.7}{\376\377\121\166\116\326}{}% 99
\BOOKMARK [2][-]{subsection.7.1}{\376\377\145\257\127\146\176\263\150\021}{section.7}% 100
\BOOKMARK [2][-]{subsection.7.2}{\376\377\145\340\145\114\166\204\213\373\121\145\117\030\123\026}{section.7}% 101
\BOOKMARK [2][-]{subsection.7.3}{\376\377\147\000\134\017\150\021\137\142\126\376}{section.7}% 102
\BOOKMARK [2][-]{subsection.7.4}{\376\377\000D\000L\000X}{section.7}% 103
\BOOKMARK [2][-]{subsection.7.5}{\376\377\143\322\131\064\000D\000P}{section.7}% 104
\BOOKMARK [2][-]{subsection.7.6}{\376\377\147\320\136\164\147\320\147\010\147\320\145\345\146\057\146\037\147\037\121\340}{section.7}% 105
\BOOKMARK [2][-]{subsection.7.7}{\376\377\147\232\116\076\131\047\134\017\116\072\000k\166\204\133\120\226\306}{section.7}% 106
\BOOKMARK [2][-]{subsection.7.8}{\376\377\163\257\162\266\147\000\225\177\121\154\121\161\133\120\116\062}{section.7}% 107
\BOOKMARK [2][-]{subsection.7.9}{\376\377\000L\000L\000M\000O\000D}{section.7}% 108
\BOOKMARK [1][-]{section.8}{\376\377\000J\000a\000v\000a}{}% 109
\BOOKMARK [2][-]{subsection.8.1}{\376\377\127\372\170\100\152\041\147\177}{section.8}% 110
\BOOKMARK [1][-]{section.9}{\376\377\000g\000e\000d\000i\000t}{}% 111
\BOOKMARK [1][-]{section.10}{\376\377\145\160\133\146}{}% 112
\BOOKMARK [2][-]{subsection.10.1}{\376\377\136\070\165\050\145\160\133\146\121\154\137\017}{section.10}% 113
\BOOKMARK [3][-]{subsubsection.10.1.1}{\376\377\154\102\124\214\121\154\137\017}{subsection.10.1}% 114
\BOOKMARK [3][-]{subsubsection.10.1.2}{\376\377\145\220\154\342\220\243\131\121\145\160\122\027}{subsection.10.1}% 115
\BOOKMARK [3][-]{subsubsection.10.1.3}{\376\377\225\031\143\222\121\154\137\017}{subsection.10.1}% 116
\BOOKMARK [3][-]{subsubsection.10.1.4}{\376\377\203\253\153\324\116\114\145\257\121\375\145\160}{subsection.10.1}% 117
\BOOKMARK [3][-]{subsubsection.10.1.5}{\376\377\117\057\140\151\215\133\137\267\137\025\164\006}{subsection.10.1}% 118
\BOOKMARK [3][-]{subsubsection.10.1.6}{\376\377\116\224\217\271\137\142\145\160\133\232\164\006}{subsection.10.1}% 119
\BOOKMARK [3][-]{subsubsection.10.1.7}{\376\377\150\021\166\204\213\241\145\160}{subsection.10.1}% 120
\BOOKMARK [3][-]{subsubsection.10.1.8}{\376\377\153\047\142\311\121\154\137\017}{subsection.10.1}% 121
\BOOKMARK [3][-]{subsubsection.10.1.9}{\376\377\166\256\121\113\133\232\164\006}{subsection.10.1}% 122
\BOOKMARK [3][-]{subsubsection.10.1.10}{\376\377\162\133\230\177\140\122\173\111\137\017}{subsection.10.1}% 123
\BOOKMARK [2][-]{subsection.10.2}{\376\377\136\163\227\142\121\340\117\125\121\154\137\017}{section.10}% 124
\BOOKMARK [3][-]{subsubsection.10.2.1}{\376\377\116\011\211\322\137\142}{subsection.10.2}% 125
\BOOKMARK [3][-]{subsubsection.10.2.2}{\376\377\126\333\217\271\137\142}{subsection.10.2}% 126
\BOOKMARK [3][-]{subsubsection.10.2.3}{\376\377\153\143\000n\217\271\137\142}{subsection.10.2}% 127
\BOOKMARK [3][-]{subsubsection.10.2.4}{\376\377\127\006}{subsection.10.2}% 128
\BOOKMARK [3][-]{subsubsection.10.2.5}{\376\377\150\361\147\361}{subsection.10.2}% 129
\BOOKMARK [3][-]{subsubsection.10.2.6}{\376\377\150\361\225\045}{subsection.10.2}% 130
\BOOKMARK [3][-]{subsubsection.10.2.7}{\376\377\150\361\123\360}{subsection.10.2}% 131
\BOOKMARK [3][-]{subsubsection.10.2.8}{\376\377\127\006\147\361}{subsection.10.2}% 132
\BOOKMARK [3][-]{subsubsection.10.2.9}{\376\377\127\006\225\045}{subsection.10.2}% 133
\BOOKMARK [3][-]{subsubsection.10.2.10}{\376\377\127\006\123\360}{subsection.10.2}% 134
\BOOKMARK [3][-]{subsubsection.10.2.11}{\376\377\164\003}{subsection.10.2}% 135
\BOOKMARK [3][-]{subsubsection.10.2.12}{\376\377\164\003\123\360}{subsection.10.2}% 136
\BOOKMARK [3][-]{subsubsection.10.2.13}{\376\377\164\003\142\107\137\142}{subsection.10.2}% 137
\BOOKMARK [2][-]{subsection.10.3}{\376\377\172\313\117\123\121\340\117\125\121\154\137\017}{section.10}% 138
\BOOKMARK [3][-]{subsubsection.10.3.1}{\376\377\164\003\227\142\116\011\211\322\121\154\137\017}{subsection.10.3}% 139
\BOOKMARK [3][-]{subsubsection.10.3.2}{\376\377\126\333\227\142\117\123\117\123\171\357\121\154\137\017}{subsection.10.3}% 140
